

############################################################################


[2020-12-21 18:35:37]  /usr/local/texlive/2020/bin/x86_64-linux/autoinst, version 20200729

Command was:

    "/usr/local/texlive/2020/bin/x86_64-linux/autoinst -target=texmf -vendor=public -typeface=Arvo -encoding=OT1,T1,TS1,LY1 Arvo-BoldItalic.ttf Arvo-Bold.ttf Arvo-Italic.ttf Arvo-Regular.ttf"

----------------------------------------------------------------------------

I'm using the following options:

    encoding(s):        OT1, T1, LY1
    NFSS:               rm (serif)

    lining:             yes
    oldstyle:           yes
    proportional:       yes
    tabular:            yes
    ts1:                yes
    smallcaps:          yes
    swash:              yes
    titling:            yes
    superiors:          yes
    inferiors:          none
    ornaments:          yes
    fractions:          no
    ligatures:          yes

    target:             texmf
    extra:              

    figurekern:         keep

    nfssweight:         
    nfsswidth:          

    math:               no
    mathspacing:        0

    fontname suffix:    (none)

----------------------------------------------------------------------------

Results of font info parsing:

    Arvo-BoldItalic.ttf
        Name:       Arvo-BoldItalic
        Family:     Arvo
        Subfamily:  
        Weight:     bold (700)
        Width:      regular (5)
        Shape:      italic 
        Size:       0-0
        Features:   kern

    Arvo-Bold.ttf
        Name:       Arvo-Bold
        Family:     Arvo
        Subfamily:  
        Weight:     bold (700)
        Width:      regular (5)
        Shape:      roman 
        Size:       0-0
        Features:   kern

    Arvo-Italic.ttf
        Name:       Arvo-Italic
        Family:     Arvo
        Subfamily:  
        Weight:     regular (400)
        Width:      regular (5)
        Shape:      italic 
        Size:       0-0
        Features:   kern

    Arvo-Regular.ttf
        Name:       Arvo
        Family:     Arvo
        Subfamily:  
        Weight:     regular (400)
        Width:      regular (5)
        Shape:      roman 
        Size:       0-0
        Features:   kern

----------------------------------------------------------------------------

NFSS mappings:

    ul  =>  
    el  =>  
    l   =>  
    sl  =>  
    m   =>  regular
    sb  =>  
    b   =>  bold
    eb  =>  
    ub  =>  

    uc  =>  
    ec  =>  
    c   =>  
    sc  =>  
    m   =>  regular
    sx  =>  
    x   =>  
    ex  =>  
    ux  =>  

    ------------------------------------------------------------------------

    Arvo-Bold.ttf

        Generating these encodings, figure styles and shapes:

            ENC     STYLE   SHAPE   FEATURES USED

            LY1     TLF     n       kern
            OT1     TLF     n       kern
            T1      TLF     n       kern
            TS1     TLF     n       

    ------------------------------------------------------------------------

    Arvo-BoldItalic.ttf

        Generating these encodings, figure styles and shapes:

            ENC     STYLE   SHAPE   FEATURES USED

            LY1     TLF     it      kern
            OT1     TLF     it      kern
            T1      TLF     it      kern
            TS1     TLF     it      

    ------------------------------------------------------------------------

    Arvo-Italic.ttf

        Generating these encodings, figure styles and shapes:

            ENC     STYLE   SHAPE   FEATURES USED

            LY1     TLF     it      kern
            OT1     TLF     it      kern
            T1      TLF     it      kern
            TS1     TLF     it      

    ------------------------------------------------------------------------

    Arvo-Regular.ttf

        Generating these encodings, figure styles and shapes:

            ENC     STYLE   SHAPE   FEATURES USED

            LY1     TLF     n       kern
            OT1     TLF     n       kern
            T1      TLF     n       kern
            TS1     TLF     n       
